[0.503s] Invoking command in '/home/niran/mazebot/src/mazebot': PYTHONPATH=/home/niran/mazebot/build/mazebot/prefix_override:/home/niran/mazebot/install/mazebot/lib/python3.10/site-packages:${PYTHONPATH} /usr/bin/python3 setup.py egg_info --egg-base ../../build/mazebot build --build-base /home/niran/mazebot/build/mazebot/build install --record /home/niran/mazebot/build/mazebot/install.log --single-version-externally-managed
[0.678s] running egg_info
[0.678s] creating ../../build/mazebot/mazebot.egg-info
[0.678s] writing ../../build/mazebot/mazebot.egg-info/PKG-INFO
[0.678s] writing dependency_links to ../../build/mazebot/mazebot.egg-info/dependency_links.txt
[0.678s] writing entry points to ../../build/mazebot/mazebot.egg-info/entry_points.txt
[0.679s] writing requirements to ../../build/mazebot/mazebot.egg-info/requires.txt
[0.679s] writing top-level names to ../../build/mazebot/mazebot.egg-info/top_level.txt
[0.679s] writing manifest file '../../build/mazebot/mazebot.egg-info/SOURCES.txt'
[0.680s] reading manifest file '../../build/mazebot/mazebot.egg-info/SOURCES.txt'
[0.680s] writing manifest file '../../build/mazebot/mazebot.egg-info/SOURCES.txt'
[0.681s] running build
[0.681s] running build_py
[0.681s] creating /home/niran/mazebot/build/mazebot/build
[0.681s] creating /home/niran/mazebot/build/mazebot/build/lib
[0.681s] creating /home/niran/mazebot/build/mazebot/build/lib/mazebot
[0.681s] copying mazebot/__init__.py -> /home/niran/mazebot/build/mazebot/build/lib/mazebot
[0.682s] copying mazebot/publisher_member_function.py -> /home/niran/mazebot/build/mazebot/build/lib/mazebot
[0.682s] copying mazebot/subscriber_member_function.py -> /home/niran/mazebot/build/mazebot/build/lib/mazebot
[0.682s] running install
[0.682s] /usr/lib/python3/dist-packages/setuptools/command/install.py:34: SetuptoolsDeprecationWarning: setup.py install is deprecated. Use build and pip and other standards-based tools.
[0.682s]   warnings.warn(
[0.682s] running install_lib
[0.682s] creating /home/niran/mazebot/install/mazebot/lib/python3.10/site-packages/mazebot
[0.683s] copying /home/niran/mazebot/build/mazebot/build/lib/mazebot/__init__.py -> /home/niran/mazebot/install/mazebot/lib/python3.10/site-packages/mazebot
[0.683s] copying /home/niran/mazebot/build/mazebot/build/lib/mazebot/publisher_member_function.py -> /home/niran/mazebot/install/mazebot/lib/python3.10/site-packages/mazebot
[0.683s] copying /home/niran/mazebot/build/mazebot/build/lib/mazebot/subscriber_member_function.py -> /home/niran/mazebot/install/mazebot/lib/python3.10/site-packages/mazebot
[0.683s] byte-compiling /home/niran/mazebot/install/mazebot/lib/python3.10/site-packages/mazebot/__init__.py to __init__.cpython-310.pyc
[0.683s] byte-compiling /home/niran/mazebot/install/mazebot/lib/python3.10/site-packages/mazebot/publisher_member_function.py to publisher_member_function.cpython-310.pyc
[0.684s] byte-compiling /home/niran/mazebot/install/mazebot/lib/python3.10/site-packages/mazebot/subscriber_member_function.py to subscriber_member_function.cpython-310.pyc
[0.684s] running install_data
[0.684s] creating /home/niran/mazebot/install/mazebot/share/ament_index
[0.684s] creating /home/niran/mazebot/install/mazebot/share/ament_index/resource_index
[0.685s] creating /home/niran/mazebot/install/mazebot/share/ament_index/resource_index/packages
[0.685s] copying resource/mazebot -> /home/niran/mazebot/install/mazebot/share/ament_index/resource_index/packages
[0.685s] copying package.xml -> /home/niran/mazebot/install/mazebot/share/mazebot
[0.685s] creating /home/niran/mazebot/install/mazebot/share/mazebot/urdf
[0.685s] copying urdf/mazebot.urdf -> /home/niran/mazebot/install/mazebot/share/mazebot/urdf
[0.685s] creating /home/niran/mazebot/install/mazebot/share/mazebot/meshes
[0.685s] copying meshes/maze_bot.stl -> /home/niran/mazebot/install/mazebot/share/mazebot/meshes
[0.686s] copying meshes/wheel.stl -> /home/niran/mazebot/install/mazebot/share/mazebot/meshes
[0.686s] creating /home/niran/mazebot/install/mazebot/share/mazebot/launch
[0.686s] copying launch/rviz.launch.py -> /home/niran/mazebot/install/mazebot/share/mazebot/launch
[0.686s] running install_egg_info
[0.688s] Copying ../../build/mazebot/mazebot.egg-info to /home/niran/mazebot/install/mazebot/lib/python3.10/site-packages/mazebot-0.0.0-py3.10.egg-info
[0.688s] running install_scripts
[0.705s] Installing listener script to /home/niran/mazebot/install/mazebot/lib/mazebot
[0.705s] Installing talker script to /home/niran/mazebot/install/mazebot/lib/mazebot
[0.705s] writing list of installed files to '/home/niran/mazebot/build/mazebot/install.log'
[0.738s] Invoked command in '/home/niran/mazebot/src/mazebot' returned '0': PYTHONPATH=/home/niran/mazebot/build/mazebot/prefix_override:/home/niran/mazebot/install/mazebot/lib/python3.10/site-packages:${PYTHONPATH} /usr/bin/python3 setup.py egg_info --egg-base ../../build/mazebot build --build-base /home/niran/mazebot/build/mazebot/build install --record /home/niran/mazebot/build/mazebot/install.log --single-version-externally-managed
