[0.560s] Invoking command in '/home/niran/mazebot/src/mazebot': PYTHONPATH=/home/niran/mazebot/build/mazebot/prefix_override:/home/niran/mazebot/install/mazebot/lib/python3.10/site-packages:${PYTHONPATH} /usr/bin/python3 setup.py egg_info --egg-base ../../build/mazebot build --build-base /home/niran/mazebot/build/mazebot/build install --record /home/niran/mazebot/build/mazebot/install.log --single-version-externally-managed
[0.747s] running egg_info
[0.748s] writing ../../build/mazebot/mazebot.egg-info/PKG-INFO
[0.748s] writing dependency_links to ../../build/mazebot/mazebot.egg-info/dependency_links.txt
[0.748s] writing entry points to ../../build/mazebot/mazebot.egg-info/entry_points.txt
[0.748s] writing requirements to ../../build/mazebot/mazebot.egg-info/requires.txt
[0.748s] writing top-level names to ../../build/mazebot/mazebot.egg-info/top_level.txt
[0.750s] reading manifest file '../../build/mazebot/mazebot.egg-info/SOURCES.txt'
[0.751s] writing manifest file '../../build/mazebot/mazebot.egg-info/SOURCES.txt'
[0.751s] running build
[0.751s] running build_py
[0.752s] copying mazebot/go_to_goal.py -> /home/niran/mazebot/build/mazebot/build/lib/mazebot
[0.752s] running install
[0.753s] /usr/lib/python3/dist-packages/setuptools/command/install.py:34: SetuptoolsDeprecationWarning: setup.py install is deprecated. Use build and pip and other standards-based tools.
[0.753s]   warnings.warn(
[0.753s] running install_lib
[0.754s] copying /home/niran/mazebot/build/mazebot/build/lib/mazebot/go_to_goal.py -> /home/niran/mazebot/install/mazebot/lib/python3.10/site-packages/mazebot
[0.755s] byte-compiling /home/niran/mazebot/install/mazebot/lib/python3.10/site-packages/mazebot/go_to_goal.py to go_to_goal.cpython-310.pyc
[0.756s] running install_data
[0.757s] running install_egg_info
[0.758s] removing '/home/niran/mazebot/install/mazebot/lib/python3.10/site-packages/mazebot-0.0.0-py3.10.egg-info' (and everything under it)
[0.758s] Copying ../../build/mazebot/mazebot.egg-info to /home/niran/mazebot/install/mazebot/lib/python3.10/site-packages/mazebot-0.0.0-py3.10.egg-info
[0.759s] running install_scripts
[0.777s] Installing drive_maze_bot script to /home/niran/mazebot/install/mazebot/lib/mazebot
[0.777s] Installing go_to_goal script to /home/niran/mazebot/install/mazebot/lib/mazebot
[0.778s] Installing listener script to /home/niran/mazebot/install/mazebot/lib/mazebot
[0.778s] Installing talker script to /home/niran/mazebot/install/mazebot/lib/mazebot
[0.778s] writing list of installed files to '/home/niran/mazebot/build/mazebot/install.log'
[0.814s] Invoked command in '/home/niran/mazebot/src/mazebot' returned '0': PYTHONPATH=/home/niran/mazebot/build/mazebot/prefix_override:/home/niran/mazebot/install/mazebot/lib/python3.10/site-packages:${PYTHONPATH} /usr/bin/python3 setup.py egg_info --egg-base ../../build/mazebot build --build-base /home/niran/mazebot/build/mazebot/build install --record /home/niran/mazebot/build/mazebot/install.log --single-version-externally-managed
