[0.850s] Invoking command in '/home/niran/mazebot/src/mazebot': PYTHONPATH=/home/niran/mazebot/build/mazebot/prefix_override:/home/niran/mazebot/install/mazebot/lib/python3.10/site-packages:${PYTHONPATH} /usr/bin/python3 setup.py egg_info --egg-base ../../build/mazebot build --build-base /home/niran/mazebot/build/mazebot/build install --record /home/niran/mazebot/build/mazebot/install.log --single-version-externally-managed
[1.054s] running egg_info
[1.055s] writing ../../build/mazebot/mazebot.egg-info/PKG-INFO
[1.055s] writing dependency_links to ../../build/mazebot/mazebot.egg-info/dependency_links.txt
[1.056s] writing entry points to ../../build/mazebot/mazebot.egg-info/entry_points.txt
[1.056s] writing requirements to ../../build/mazebot/mazebot.egg-info/requires.txt
[1.056s] writing top-level names to ../../build/mazebot/mazebot.egg-info/top_level.txt
[1.057s] reading manifest file '../../build/mazebot/mazebot.egg-info/SOURCES.txt'
[1.058s] writing manifest file '../../build/mazebot/mazebot.egg-info/SOURCES.txt'
[1.058s] running build
[1.058s] running build_py
[1.058s] running install
[1.059s] /usr/lib/python3/dist-packages/setuptools/command/install.py:34: SetuptoolsDeprecationWarning: setup.py install is deprecated. Use build and pip and other standards-based tools.
[1.059s]   warnings.warn(
[1.059s] running install_lib
[1.060s] running install_data
[1.061s] copying urdf/mazebot.urdf -> /home/niran/mazebot/install/mazebot/share/mazebot/urdf
[1.061s] running install_egg_info
[1.063s] removing '/home/niran/mazebot/install/mazebot/lib/python3.10/site-packages/mazebot-0.0.0-py3.10.egg-info' (and everything under it)
[1.063s] Copying ../../build/mazebot/mazebot.egg-info to /home/niran/mazebot/install/mazebot/lib/python3.10/site-packages/mazebot-0.0.0-py3.10.egg-info
[1.064s] running install_scripts
[1.083s] Installing drive_maze_bot script to /home/niran/mazebot/install/mazebot/lib/mazebot
[1.084s] Installing go_to_goal script to /home/niran/mazebot/install/mazebot/lib/mazebot
[1.084s] Installing listener script to /home/niran/mazebot/install/mazebot/lib/mazebot
[1.084s] Installing talker script to /home/niran/mazebot/install/mazebot/lib/mazebot
[1.085s] writing list of installed files to '/home/niran/mazebot/build/mazebot/install.log'
[1.147s] Invoked command in '/home/niran/mazebot/src/mazebot' returned '0': PYTHONPATH=/home/niran/mazebot/build/mazebot/prefix_override:/home/niran/mazebot/install/mazebot/lib/python3.10/site-packages:${PYTHONPATH} /usr/bin/python3 setup.py egg_info --egg-base ../../build/mazebot build --build-base /home/niran/mazebot/build/mazebot/build install --record /home/niran/mazebot/build/mazebot/install.log --single-version-externally-managed
