/home/niran/mazebot/install/mazebot/lib/python3.10/site-packages/mazebot/__init__.py
/home/niran/mazebot/install/mazebot/lib/python3.10/site-packages/mazebot/publisher_member_function.py
/home/niran/mazebot/install/mazebot/lib/python3.10/site-packages/mazebot/subscriber_member_function.py
/home/niran/mazebot/install/mazebot/lib/python3.10/site-packages/mazebot/__pycache__/__init__.cpython-310.pyc
/home/niran/mazebot/install/mazebot/lib/python3.10/site-packages/mazebot/__pycache__/publisher_member_function.cpython-310.pyc
/home/niran/mazebot/install/mazebot/lib/python3.10/site-packages/mazebot/__pycache__/subscriber_member_function.cpython-310.pyc
/home/niran/mazebot/install/mazebot/share/ament_index/resource_index/packages/mazebot
/home/niran/mazebot/install/mazebot/share/mazebot/package.xml
/home/niran/mazebot/install/mazebot/share/mazebot/urdf/mazebot.urdf
/home/niran/mazebot/install/mazebot/share/mazebot/meshes/maze_bot.stl
/home/niran/mazebot/install/mazebot/share/mazebot/meshes/wheel.stl
/home/niran/mazebot/install/mazebot/share/mazebot/launch/rviz.launch.py
/home/niran/mazebot/install/mazebot/lib/python3.10/site-packages/mazebot-0.0.0-py3.10.egg-info/zip-safe
/home/niran/mazebot/install/mazebot/lib/python3.10/site-packages/mazebot-0.0.0-py3.10.egg-info/PKG-INFO
/home/niran/mazebot/install/mazebot/lib/python3.10/site-packages/mazebot-0.0.0-py3.10.egg-info/requires.txt
/home/niran/mazebot/install/mazebot/lib/python3.10/site-packages/mazebot-0.0.0-py3.10.egg-info/dependency_links.txt
/home/niran/mazebot/install/mazebot/lib/python3.10/site-packages/mazebot-0.0.0-py3.10.egg-info/entry_points.txt
/home/niran/mazebot/install/mazebot/lib/python3.10/site-packages/mazebot-0.0.0-py3.10.egg-info/SOURCES.txt
/home/niran/mazebot/install/mazebot/lib/python3.10/site-packages/mazebot-0.0.0-py3.10.egg-info/top_level.txt
/home/niran/mazebot/install/mazebot/lib/mazebot/listener
/home/niran/mazebot/install/mazebot/lib/mazebot/talker
