[0.507s] Invoking command in '/home/niran/mazebot/src/mazebot': PYTHONPATH=/home/niran/mazebot/src/build/mazebot/prefix_override:/home/niran/mazebot/src/install/mazebot/lib/python3.10/site-packages:${PYTHONPATH} /usr/bin/python3 setup.py egg_info --egg-base ../build/mazebot build --build-base /home/niran/mazebot/src/build/mazebot/build install --record /home/niran/mazebot/src/build/mazebot/install.log --single-version-externally-managed
[0.687s] running egg_info
[0.688s] writing ../build/mazebot/mazebot.egg-info/PKG-INFO
[0.688s] writing dependency_links to ../build/mazebot/mazebot.egg-info/dependency_links.txt
[0.688s] writing entry points to ../build/mazebot/mazebot.egg-info/entry_points.txt
[0.688s] writing requirements to ../build/mazebot/mazebot.egg-info/requires.txt
[0.689s] writing top-level names to ../build/mazebot/mazebot.egg-info/top_level.txt
[0.690s] reading manifest file '../build/mazebot/mazebot.egg-info/SOURCES.txt'
[0.691s] writing manifest file '../build/mazebot/mazebot.egg-info/SOURCES.txt'
[0.691s] running build
[0.691s] running build_py
[0.691s] running install
[0.691s] /usr/lib/python3/dist-packages/setuptools/command/install.py:34: SetuptoolsDeprecationWarning: setup.py install is deprecated. Use build and pip and other standards-based tools.
[0.691s]   warnings.warn(
[0.691s] running install_lib
[0.693s] running install_data
[0.693s] creating /home/niran/mazebot/src/install/mazebot/share/mazebot/urdf
[0.693s] copying urdf/mazebot.urdf -> /home/niran/mazebot/src/install/mazebot/share/mazebot/urdf
[0.693s] creating /home/niran/mazebot/src/install/mazebot/share/mazebot/meshes
[0.693s] copying meshes/maze_bot.stl -> /home/niran/mazebot/src/install/mazebot/share/mazebot/meshes
[0.694s] copying meshes/wheel.stl -> /home/niran/mazebot/src/install/mazebot/share/mazebot/meshes
[0.694s] creating /home/niran/mazebot/src/install/mazebot/share/mazebot/launch
[0.695s] copying launch/rviz.launch.py -> /home/niran/mazebot/src/install/mazebot/share/mazebot/launch
[0.695s] running install_egg_info
[0.696s] removing '/home/niran/mazebot/src/install/mazebot/lib/python3.10/site-packages/mazebot-0.0.0-py3.10.egg-info' (and everything under it)
[0.696s] Copying ../build/mazebot/mazebot.egg-info to /home/niran/mazebot/src/install/mazebot/lib/python3.10/site-packages/mazebot-0.0.0-py3.10.egg-info
[0.697s] running install_scripts
[0.714s] Installing listener script to /home/niran/mazebot/src/install/mazebot/lib/mazebot
[0.714s] Installing talker script to /home/niran/mazebot/src/install/mazebot/lib/mazebot
[0.714s] writing list of installed files to '/home/niran/mazebot/src/build/mazebot/install.log'
[0.748s] Invoked command in '/home/niran/mazebot/src/mazebot' returned '0': PYTHONPATH=/home/niran/mazebot/src/build/mazebot/prefix_override:/home/niran/mazebot/src/install/mazebot/lib/python3.10/site-packages:${PYTHONPATH} /usr/bin/python3 setup.py egg_info --egg-base ../build/mazebot build --build-base /home/niran/mazebot/src/build/mazebot/build install --record /home/niran/mazebot/src/build/mazebot/install.log --single-version-externally-managed
