[0.319s] DEBUG:colcon:Command line arguments: ['/usr/bin/colcon', 'list', '-p', '--base-paths', '/home/niran/mazebot']
[0.319s] DEBUG:colcon:Parsed command line arguments: Namespace(log_base=None, log_level=None, verb_name='list', build_base='build', ignore_user_meta=False, metas=['./colcon.meta'], base_paths=['/home/niran/mazebot'], packages_ignore=None, packages_ignore_regex=None, paths=None, packages_up_to=None, packages_up_to_regex=None, packages_above=None, packages_above_and_dependencies=None, packages_above_depth=None, packages_select_by_dep=None, packages_skip_by_dep=None, packages_skip_up_to=None, packages_select_build_failed=False, packages_skip_build_finished=False, packages_select_test_failures=False, packages_skip_test_passed=False, packages_select=None, packages_skip=None, packages_select_regex=None, packages_skip_regex=None, packages_start=None, packages_end=None, allow_overriding=[], topological_order=False, names_only=False, paths_only=True, topological_graph=False, topological_graph_dot=False, topological_graph_density=False, topological_graph_legend=False, topological_graph_dot_cluster=False, topological_graph_dot_include_skipped=False, verb_parser=<colcon_defaults.argument_parser.defaults.DefaultArgumentsDecorator object at 0x7f2f300d0be0>, verb_extension=<colcon_package_information.verb.list.ListVerb object at 0x7f2f3007c250>, main=<bound method ListVerb.main of <colcon_package_information.verb.list.ListVerb object at 0x7f2f3007c250>>)
[0.393s] Level 1:colcon.colcon_core.package_discovery:discover_packages(colcon_meta) check parameters
[0.393s] Level 1:colcon.colcon_core.package_discovery:discover_packages(recursive) check parameters
[0.393s] Level 1:colcon.colcon_core.package_discovery:discover_packages(ignore) check parameters
[0.394s] Level 1:colcon.colcon_core.package_discovery:discover_packages(path) check parameters
[0.394s] Level 1:colcon.colcon_core.package_discovery:discover_packages(recursive) discover
[0.394s] INFO:colcon.colcon_core.package_discovery:Crawling recursively for packages in '/home/niran/mazebot'
[0.394s] Level 1:colcon.colcon_core.package_identification:_identify(/home/niran/mazebot) by extensions ['ignore', 'ignore_ament_install']
[0.394s] Level 1:colcon.colcon_core.package_identification:_identify(/home/niran/mazebot) by extension 'ignore'
[0.394s] Level 1:colcon.colcon_core.package_identification:_identify(/home/niran/mazebot) by extension 'ignore_ament_install'
[0.394s] Level 1:colcon.colcon_core.package_identification:_identify(/home/niran/mazebot) by extensions ['colcon_pkg']
[0.394s] Level 1:colcon.colcon_core.package_identification:_identify(/home/niran/mazebot) by extension 'colcon_pkg'
[0.394s] Level 1:colcon.colcon_core.package_identification:_identify(/home/niran/mazebot) by extensions ['colcon_meta']
[0.394s] Level 1:colcon.colcon_core.package_identification:_identify(/home/niran/mazebot) by extension 'colcon_meta'
[0.394s] Level 1:colcon.colcon_core.package_identification:_identify(/home/niran/mazebot) by extensions ['ros']
[0.394s] Level 1:colcon.colcon_core.package_identification:_identify(/home/niran/mazebot) by extension 'ros'
[0.407s] Level 1:colcon.colcon_core.package_identification:_identify(/home/niran/mazebot) by extensions ['cmake', 'python']
[0.407s] Level 1:colcon.colcon_core.package_identification:_identify(/home/niran/mazebot) by extension 'cmake'
[0.407s] Level 1:colcon.colcon_core.package_identification:_identify(/home/niran/mazebot) by extension 'python'
[0.407s] Level 1:colcon.colcon_core.package_identification:_identify(/home/niran/mazebot) by extensions ['python_setup_py']
[0.407s] Level 1:colcon.colcon_core.package_identification:_identify(/home/niran/mazebot) by extension 'python_setup_py'
[0.408s] Level 1:colcon.colcon_core.package_identification:_identify(/home/niran/mazebot/build) by extensions ['ignore', 'ignore_ament_install']
[0.408s] Level 1:colcon.colcon_core.package_identification:_identify(/home/niran/mazebot/build) by extension 'ignore'
[0.408s] Level 1:colcon.colcon_core.package_identification:_identify(/home/niran/mazebot/build) ignored
[0.408s] Level 1:colcon.colcon_core.package_identification:_identify(/home/niran/mazebot/install) by extensions ['ignore', 'ignore_ament_install']
[0.408s] Level 1:colcon.colcon_core.package_identification:_identify(/home/niran/mazebot/install) by extension 'ignore'
[0.408s] Level 1:colcon.colcon_core.package_identification:_identify(/home/niran/mazebot/install) ignored
[0.408s] Level 1:colcon.colcon_core.package_identification:_identify(/home/niran/mazebot/log) by extensions ['ignore', 'ignore_ament_install']
[0.408s] Level 1:colcon.colcon_core.package_identification:_identify(/home/niran/mazebot/log) by extension 'ignore'
[0.408s] Level 1:colcon.colcon_core.package_identification:_identify(/home/niran/mazebot/log) ignored
[0.408s] Level 1:colcon.colcon_core.package_identification:_identify(/home/niran/mazebot/src) by extensions ['ignore', 'ignore_ament_install']
[0.408s] Level 1:colcon.colcon_core.package_identification:_identify(/home/niran/mazebot/src) by extension 'ignore'
[0.408s] Level 1:colcon.colcon_core.package_identification:_identify(/home/niran/mazebot/src) by extension 'ignore_ament_install'
[0.408s] Level 1:colcon.colcon_core.package_identification:_identify(/home/niran/mazebot/src) by extensions ['colcon_pkg']
[0.408s] Level 1:colcon.colcon_core.package_identification:_identify(/home/niran/mazebot/src) by extension 'colcon_pkg'
[0.408s] Level 1:colcon.colcon_core.package_identification:_identify(/home/niran/mazebot/src) by extensions ['colcon_meta']
[0.408s] Level 1:colcon.colcon_core.package_identification:_identify(/home/niran/mazebot/src) by extension 'colcon_meta'
[0.408s] Level 1:colcon.colcon_core.package_identification:_identify(/home/niran/mazebot/src) by extensions ['ros']
[0.408s] Level 1:colcon.colcon_core.package_identification:_identify(/home/niran/mazebot/src) by extension 'ros'
[0.409s] Level 1:colcon.colcon_core.package_identification:_identify(/home/niran/mazebot/src) by extensions ['cmake', 'python']
[0.409s] Level 1:colcon.colcon_core.package_identification:_identify(/home/niran/mazebot/src) by extension 'cmake'
[0.409s] Level 1:colcon.colcon_core.package_identification:_identify(/home/niran/mazebot/src) by extension 'python'
[0.409s] Level 1:colcon.colcon_core.package_identification:_identify(/home/niran/mazebot/src) by extensions ['python_setup_py']
[0.409s] Level 1:colcon.colcon_core.package_identification:_identify(/home/niran/mazebot/src) by extension 'python_setup_py'
[0.409s] Level 1:colcon.colcon_core.package_identification:_identify(/home/niran/mazebot/src/mazebot) by extensions ['ignore', 'ignore_ament_install']
[0.409s] Level 1:colcon.colcon_core.package_identification:_identify(/home/niran/mazebot/src/mazebot) by extension 'ignore'
[0.409s] Level 1:colcon.colcon_core.package_identification:_identify(/home/niran/mazebot/src/mazebot) by extension 'ignore_ament_install'
[0.409s] Level 1:colcon.colcon_core.package_identification:_identify(/home/niran/mazebot/src/mazebot) by extensions ['colcon_pkg']
[0.409s] Level 1:colcon.colcon_core.package_identification:_identify(/home/niran/mazebot/src/mazebot) by extension 'colcon_pkg'
[0.409s] Level 1:colcon.colcon_core.package_identification:_identify(/home/niran/mazebot/src/mazebot) by extensions ['colcon_meta']
[0.409s] Level 1:colcon.colcon_core.package_identification:_identify(/home/niran/mazebot/src/mazebot) by extension 'colcon_meta'
[0.409s] Level 1:colcon.colcon_core.package_identification:_identify(/home/niran/mazebot/src/mazebot) by extensions ['ros']
[0.409s] Level 1:colcon.colcon_core.package_identification:_identify(/home/niran/mazebot/src/mazebot) by extension 'ros'
[0.413s] DEBUG:colcon.colcon_core.package_identification:Package '/home/niran/mazebot/src/mazebot' with type 'ros.ament_python' and name 'mazebot'
[0.413s] Level 1:colcon.colcon_core.package_discovery:discover_packages(recursive) using defaults
