[0.487s] Invoking command in '/home/niran/mazebot/src/mazebot': PYTHONPATH=/home/niran/mazebot/build/mazebot/prefix_override:/home/niran/mazebot/install/mazebot/lib/python3.10/site-packages:${PYTHONPATH} /usr/bin/python3 setup.py egg_info --egg-base ../../build/mazebot build --build-base /home/niran/mazebot/build/mazebot/build install --record /home/niran/mazebot/build/mazebot/install.log --single-version-externally-managed
[0.667s] running egg_info
[0.668s] writing ../../build/mazebot/mazebot.egg-info/PKG-INFO
[0.668s] writing dependency_links to ../../build/mazebot/mazebot.egg-info/dependency_links.txt
[0.668s] writing entry points to ../../build/mazebot/mazebot.egg-info/entry_points.txt
[0.668s] writing requirements to ../../build/mazebot/mazebot.egg-info/requires.txt
[0.668s] writing top-level names to ../../build/mazebot/mazebot.egg-info/top_level.txt
[0.670s] reading manifest file '../../build/mazebot/mazebot.egg-info/SOURCES.txt'
[0.670s] writing manifest file '../../build/mazebot/mazebot.egg-info/SOURCES.txt'
[0.671s] running build
[0.671s] running build_py
[0.671s] running install
[0.672s] /usr/lib/python3/dist-packages/setuptools/command/install.py:34: SetuptoolsDeprecationWarning: setup.py install is deprecated. Use build and pip and other standards-based tools.
[0.672s]   warnings.warn(
[0.672s] running install_lib
[0.673s] running install_data
[0.673s] copying urdf/mazebot.urdf -> /home/niran/mazebot/install/mazebot/share/mazebot/urdf
[0.674s] copying launch/rviz.launch.py -> /home/niran/mazebot/install/mazebot/share/mazebot/launch
[0.674s] running install_egg_info
[0.675s] removing '/home/niran/mazebot/install/mazebot/lib/python3.10/site-packages/mazebot-0.0.0-py3.10.egg-info' (and everything under it)
[0.676s] Copying ../../build/mazebot/mazebot.egg-info to /home/niran/mazebot/install/mazebot/lib/python3.10/site-packages/mazebot-0.0.0-py3.10.egg-info
[0.676s] running install_scripts
[0.699s] Installing listener script to /home/niran/mazebot/install/mazebot/lib/mazebot
[0.699s] Installing talker script to /home/niran/mazebot/install/mazebot/lib/mazebot
[0.699s] writing list of installed files to '/home/niran/mazebot/build/mazebot/install.log'
[0.757s] Invoked command in '/home/niran/mazebot/src/mazebot' returned '0': PYTHONPATH=/home/niran/mazebot/build/mazebot/prefix_override:/home/niran/mazebot/install/mazebot/lib/python3.10/site-packages:${PYTHONPATH} /usr/bin/python3 setup.py egg_info --egg-base ../../build/mazebot build --build-base /home/niran/mazebot/build/mazebot/build install --record /home/niran/mazebot/build/mazebot/install.log --single-version-externally-managed
