[0.478s] Invoking command in '/home/niran/mazebot/src/mazebot': PYTHONPATH=/home/niran/mazebot/build/mazebot/prefix_override:/home/niran/mazebot/install/mazebot/lib/python3.10/site-packages:${PYTHONPATH} /usr/bin/python3 setup.py egg_info --egg-base ../../build/mazebot build --build-base /home/niran/mazebot/build/mazebot/build install --record /home/niran/mazebot/build/mazebot/install.log --single-version-externally-managed
[0.668s] running egg_info
[0.669s] writing ../../build/mazebot/mazebot.egg-info/PKG-INFO
[0.669s] writing dependency_links to ../../build/mazebot/mazebot.egg-info/dependency_links.txt
[0.669s] writing entry points to ../../build/mazebot/mazebot.egg-info/entry_points.txt
[0.669s] writing requirements to ../../build/mazebot/mazebot.egg-info/requires.txt
[0.669s] writing top-level names to ../../build/mazebot/mazebot.egg-info/top_level.txt
[0.671s] reading manifest file '../../build/mazebot/mazebot.egg-info/SOURCES.txt'
[0.672s] writing manifest file '../../build/mazebot/mazebot.egg-info/SOURCES.txt'
[0.672s] running build
[0.672s] running build_py
[0.672s] running install
[0.672s] /usr/lib/python3/dist-packages/setuptools/command/install.py:34: SetuptoolsDeprecationWarning: setup.py install is deprecated. Use build and pip and other standards-based tools.
[0.672s]   warnings.warn(
[0.673s] running install_lib
[0.674s] running install_data
[0.674s] copying launch/gazebo.launch.py -> /home/niran/mazebot/install/mazebot/share/mazebot/launch
[0.674s] running install_egg_info
[0.676s] removing '/home/niran/mazebot/install/mazebot/lib/python3.10/site-packages/mazebot-0.0.0-py3.10.egg-info' (and everything under it)
[0.676s] Copying ../../build/mazebot/mazebot.egg-info to /home/niran/mazebot/install/mazebot/lib/python3.10/site-packages/mazebot-0.0.0-py3.10.egg-info
[0.677s] running install_scripts
[0.695s] Installing listener script to /home/niran/mazebot/install/mazebot/lib/mazebot
[0.696s] Installing talker script to /home/niran/mazebot/install/mazebot/lib/mazebot
[0.696s] writing list of installed files to '/home/niran/mazebot/build/mazebot/install.log'
[0.731s] Invoked command in '/home/niran/mazebot/src/mazebot' returned '0': PYTHONPATH=/home/niran/mazebot/build/mazebot/prefix_override:/home/niran/mazebot/install/mazebot/lib/python3.10/site-packages:${PYTHONPATH} /usr/bin/python3 setup.py egg_info --egg-base ../../build/mazebot build --build-base /home/niran/mazebot/build/mazebot/build install --record /home/niran/mazebot/build/mazebot/install.log --single-version-externally-managed
