[0.477s] Invoking command in '/home/niran/mazebot/src/mazebot': PYTHONPATH=/home/niran/mazebot/build/mazebot/prefix_override:/home/niran/mazebot/install/mazebot/lib/python3.10/site-packages:${PYTHONPATH} /usr/bin/python3 setup.py egg_info --egg-base ../../build/mazebot build --build-base /home/niran/mazebot/build/mazebot/build install --record /home/niran/mazebot/build/mazebot/install.log --single-version-externally-managed
[0.664s] running egg_info
[0.665s] writing ../../build/mazebot/mazebot.egg-info/PKG-INFO
[0.666s] writing dependency_links to ../../build/mazebot/mazebot.egg-info/dependency_links.txt
[0.666s] writing entry points to ../../build/mazebot/mazebot.egg-info/entry_points.txt
[0.666s] writing requirements to ../../build/mazebot/mazebot.egg-info/requires.txt
[0.666s] writing top-level names to ../../build/mazebot/mazebot.egg-info/top_level.txt
[0.668s] reading manifest file '../../build/mazebot/mazebot.egg-info/SOURCES.txt'
[0.669s] writing manifest file '../../build/mazebot/mazebot.egg-info/SOURCES.txt'
[0.669s] running build
[0.669s] running build_py
[0.669s] running install
[0.670s] /usr/lib/python3/dist-packages/setuptools/command/install.py:34: SetuptoolsDeprecationWarning: setup.py install is deprecated. Use build and pip and other standards-based tools.
[0.670s]   warnings.warn(
[0.670s] running install_lib
[0.671s] running install_data
[0.672s] running install_egg_info
[0.673s] removing '/home/niran/mazebot/install/mazebot/lib/python3.10/site-packages/mazebot-0.0.0-py3.10.egg-info' (and everything under it)
[0.673s] Copying ../../build/mazebot/mazebot.egg-info to /home/niran/mazebot/install/mazebot/lib/python3.10/site-packages/mazebot-0.0.0-py3.10.egg-info
[0.674s] running install_scripts
[0.693s] Installing listener script to /home/niran/mazebot/install/mazebot/lib/mazebot
[0.693s] Installing talker script to /home/niran/mazebot/install/mazebot/lib/mazebot
[0.693s] writing list of installed files to '/home/niran/mazebot/build/mazebot/install.log'
[0.726s] Invoked command in '/home/niran/mazebot/src/mazebot' returned '0': PYTHONPATH=/home/niran/mazebot/build/mazebot/prefix_override:/home/niran/mazebot/install/mazebot/lib/python3.10/site-packages:${PYTHONPATH} /usr/bin/python3 setup.py egg_info --egg-base ../../build/mazebot build --build-base /home/niran/mazebot/build/mazebot/build install --record /home/niran/mazebot/build/mazebot/install.log --single-version-externally-managed
