[0.512s] Invoking command in '/home/niran/mazebot/src/mazebot': PYTHONPATH=/home/niran/mazebot/build/mazebot/prefix_override:/home/niran/mazebot/install/mazebot/lib/python3.10/site-packages:${PYTHONPATH} /usr/bin/python3 setup.py egg_info --egg-base ../../build/mazebot build --build-base /home/niran/mazebot/build/mazebot/build install --record /home/niran/mazebot/build/mazebot/install.log --single-version-externally-managed
[0.692s] running egg_info
[0.692s] writing ../../build/mazebot/mazebot.egg-info/PKG-INFO
[0.692s] writing dependency_links to ../../build/mazebot/mazebot.egg-info/dependency_links.txt
[0.693s] writing entry points to ../../build/mazebot/mazebot.egg-info/entry_points.txt
[0.693s] writing requirements to ../../build/mazebot/mazebot.egg-info/requires.txt
[0.693s] writing top-level names to ../../build/mazebot/mazebot.egg-info/top_level.txt
[0.694s] reading manifest file '../../build/mazebot/mazebot.egg-info/SOURCES.txt'
[0.695s] writing manifest file '../../build/mazebot/mazebot.egg-info/SOURCES.txt'
[0.695s] running build
[0.695s] running build_py
[0.696s] running install
[0.696s] /usr/lib/python3/dist-packages/setuptools/command/install.py:34: SetuptoolsDeprecationWarning: setup.py install is deprecated. Use build and pip and other standards-based tools.
[0.696s]   warnings.warn(
[0.696s] running install_lib
[0.697s] running install_data
[0.697s] copying urdf/mazebot.urdf -> /home/niran/mazebot/install/mazebot/share/mazebot/urdf
[0.698s] running install_egg_info
[0.699s] removing '/home/niran/mazebot/install/mazebot/lib/python3.10/site-packages/mazebot-0.0.0-py3.10.egg-info' (and everything under it)
[0.699s] Copying ../../build/mazebot/mazebot.egg-info to /home/niran/mazebot/install/mazebot/lib/python3.10/site-packages/mazebot-0.0.0-py3.10.egg-info
[0.700s] running install_scripts
[0.720s] Installing listener script to /home/niran/mazebot/install/mazebot/lib/mazebot
[0.720s] Installing talker script to /home/niran/mazebot/install/mazebot/lib/mazebot
[0.720s] writing list of installed files to '/home/niran/mazebot/build/mazebot/install.log'
[0.770s] Invoked command in '/home/niran/mazebot/src/mazebot' returned '0': PYTHONPATH=/home/niran/mazebot/build/mazebot/prefix_override:/home/niran/mazebot/install/mazebot/lib/python3.10/site-packages:${PYTHONPATH} /usr/bin/python3 setup.py egg_info --egg-base ../../build/mazebot build --build-base /home/niran/mazebot/build/mazebot/build install --record /home/niran/mazebot/build/mazebot/install.log --single-version-externally-managed
