[0.755s] Invoking command in '/home/niran/mazebot/src/mazebot': PYTHONPATH=/home/niran/mazebot/build/mazebot/prefix_override:/home/niran/mazebot/install/mazebot/lib/python3.10/site-packages:${PYTHONPATH} /usr/bin/python3 setup.py egg_info --egg-base ../../build/mazebot build --build-base /home/niran/mazebot/build/mazebot/build install --record /home/niran/mazebot/build/mazebot/install.log --single-version-externally-managed
[1.002s] running egg_info
[1.003s] writing ../../build/mazebot/mazebot.egg-info/PKG-INFO
[1.003s] writing dependency_links to ../../build/mazebot/mazebot.egg-info/dependency_links.txt
[1.004s] writing entry points to ../../build/mazebot/mazebot.egg-info/entry_points.txt
[1.004s] writing requirements to ../../build/mazebot/mazebot.egg-info/requires.txt
[1.004s] writing top-level names to ../../build/mazebot/mazebot.egg-info/top_level.txt
[1.006s] reading manifest file '../../build/mazebot/mazebot.egg-info/SOURCES.txt'
[1.007s] writing manifest file '../../build/mazebot/mazebot.egg-info/SOURCES.txt'
[1.007s] running build
[1.007s] running build_py
[1.008s] running install
[1.008s] /usr/lib/python3/dist-packages/setuptools/command/install.py:34: SetuptoolsDeprecationWarning: setup.py install is deprecated. Use build and pip and other standards-based tools.
[1.008s]   warnings.warn(
[1.008s] running install_lib
[1.010s] running install_data
[1.011s] copying urdf/mazebot.urdf -> /home/niran/mazebot/install/mazebot/share/mazebot/urdf
[1.011s] running install_egg_info
[1.013s] removing '/home/niran/mazebot/install/mazebot/lib/python3.10/site-packages/mazebot-0.0.0-py3.10.egg-info' (and everything under it)
[1.013s] Copying ../../build/mazebot/mazebot.egg-info to /home/niran/mazebot/install/mazebot/lib/python3.10/site-packages/mazebot-0.0.0-py3.10.egg-info
[1.014s] running install_scripts
[1.038s] Installing drive_maze_bot script to /home/niran/mazebot/install/mazebot/lib/mazebot
[1.039s] Installing go_to_goal script to /home/niran/mazebot/install/mazebot/lib/mazebot
[1.039s] Installing listener script to /home/niran/mazebot/install/mazebot/lib/mazebot
[1.039s] Installing talker script to /home/niran/mazebot/install/mazebot/lib/mazebot
[1.039s] writing list of installed files to '/home/niran/mazebot/build/mazebot/install.log'
[1.099s] Invoked command in '/home/niran/mazebot/src/mazebot' returned '0': PYTHONPATH=/home/niran/mazebot/build/mazebot/prefix_override:/home/niran/mazebot/install/mazebot/lib/python3.10/site-packages:${PYTHONPATH} /usr/bin/python3 setup.py egg_info --egg-base ../../build/mazebot build --build-base /home/niran/mazebot/build/mazebot/build install --record /home/niran/mazebot/build/mazebot/install.log --single-version-externally-managed
