[0.462s] Invoking command in '/home/niran/mazebot/src/mazebot': PYTHONPATH=/home/niran/mazebot/build/mazebot/prefix_override:/home/niran/mazebot/install/mazebot/lib/python3.10/site-packages:${PYTHONPATH} /usr/bin/python3 setup.py egg_info --egg-base ../../build/mazebot build --build-base /home/niran/mazebot/build/mazebot/build install --record /home/niran/mazebot/build/mazebot/install.log --single-version-externally-managed
[0.634s] running egg_info
[0.635s] writing ../../build/mazebot/mazebot.egg-info/PKG-INFO
[0.635s] writing dependency_links to ../../build/mazebot/mazebot.egg-info/dependency_links.txt
[0.636s] writing entry points to ../../build/mazebot/mazebot.egg-info/entry_points.txt
[0.636s] writing requirements to ../../build/mazebot/mazebot.egg-info/requires.txt
[0.636s] writing top-level names to ../../build/mazebot/mazebot.egg-info/top_level.txt
[0.638s] reading manifest file '../../build/mazebot/mazebot.egg-info/SOURCES.txt'
[0.638s] writing manifest file '../../build/mazebot/mazebot.egg-info/SOURCES.txt'
[0.638s] running build
[0.639s] running build_py
[0.639s] copying mazebot/go_to_goal.py -> /home/niran/mazebot/build/mazebot/build/lib/mazebot
[0.639s] running install
[0.640s] /usr/lib/python3/dist-packages/setuptools/command/install.py:34: SetuptoolsDeprecationWarning: setup.py install is deprecated. Use build and pip and other standards-based tools.
[0.640s]   warnings.warn(
[0.640s] running install_lib
[0.641s] copying /home/niran/mazebot/build/mazebot/build/lib/mazebot/go_to_goal.py -> /home/niran/mazebot/install/mazebot/lib/python3.10/site-packages/mazebot
[0.641s] byte-compiling /home/niran/mazebot/install/mazebot/lib/python3.10/site-packages/mazebot/go_to_goal.py to go_to_goal.cpython-310.pyc
[0.642s] running install_data
[0.642s] running install_egg_info
[0.643s] removing '/home/niran/mazebot/install/mazebot/lib/python3.10/site-packages/mazebot-0.0.0-py3.10.egg-info' (and everything under it)
[0.644s] Copying ../../build/mazebot/mazebot.egg-info to /home/niran/mazebot/install/mazebot/lib/python3.10/site-packages/mazebot-0.0.0-py3.10.egg-info
[0.644s] running install_scripts
[0.661s] Installing drive_maze_bot script to /home/niran/mazebot/install/mazebot/lib/mazebot
[0.661s] Installing go_to_goal script to /home/niran/mazebot/install/mazebot/lib/mazebot
[0.661s] Installing listener script to /home/niran/mazebot/install/mazebot/lib/mazebot
[0.661s] Installing talker script to /home/niran/mazebot/install/mazebot/lib/mazebot
[0.662s] writing list of installed files to '/home/niran/mazebot/build/mazebot/install.log'
[0.693s] Invoked command in '/home/niran/mazebot/src/mazebot' returned '0': PYTHONPATH=/home/niran/mazebot/build/mazebot/prefix_override:/home/niran/mazebot/install/mazebot/lib/python3.10/site-packages:${PYTHONPATH} /usr/bin/python3 setup.py egg_info --egg-base ../../build/mazebot build --build-base /home/niran/mazebot/build/mazebot/build install --record /home/niran/mazebot/build/mazebot/install.log --single-version-externally-managed
